<?xml version="1.0" encoding="UTF-8"?>
<!-- Generated by org.testng.reporters.JUnitReportReporter -->
<testsuite hostname="MrAdarsh" failures="0" tests="47" name="TestClasses.UnitMaster_TestClass" time="20.096" errors="1" timestamp="2025-06-17T17:00:15 IST" skipped="0">
  <testcase classname="TestClasses.UnitMaster_TestClass" name="clickOnSurveyTab" time="5.110"/>
  <testcase classname="TestClasses.UnitMaster_TestClass" name="ClickOnUnitTab" time="0.156"/>
  <testcase classname="TestClasses.UnitMaster_TestClass" name="ClickOnNewUnitButton" time="0.458"/>
  <testcase classname="TestClasses.UnitMaster_TestClass" name="clickManualOption" time="0.578"/>
  <testcase classname="TestClasses.UnitMaster_TestClass" name="select_Pocket" time="0.999"/>
  <testcase classname="TestClasses.UnitMaster_TestClass" name="select_Society" time="1.218"/>
  <testcase classname="TestClasses.UnitMaster_TestClass" name="unit_No" time="0.216"/>
  <testcase classname="TestClasses.UnitMaster_TestClass" name="owner_Name" time="0.184"/>
  <testcase classname="TestClasses.UnitMaster_TestClass" name="select_UsageType" time="0.793"/>
  <testcase classname="TestClasses.UnitMaster_TestClass" name="select_Occupancy_Status" time="1.082"/>
  <testcase classname="TestClasses.UnitMaster_TestClass" name="select_Residence" time="0.495"/>
  <testcase classname="TestClasses.UnitMaster_TestClass" name="select_Structure_Details" time="0.541"/>
  <testcase classname="TestClasses.UnitMaster_TestClass" name="enter_Area" time="0.182"/>
  <testcase classname="TestClasses.UnitMaster_TestClass" name="select_Facing_Types" time="0.558"/>
  <testcase classname="TestClasses.UnitMaster_TestClass" name="enter_censedNameFirst" time="0.150"/>
  <testcase classname="TestClasses.UnitMaster_TestClass" name="enter_censedNameMiddle" time="0.128"/>
  <testcase classname="TestClasses.UnitMaster_TestClass" name="enter_censedNameLast" time="0.136"/>
  <testcase classname="TestClasses.UnitMaster_TestClass" name="enter_occupierFirstName" time="0.142"/>
  <testcase classname="TestClasses.UnitMaster_TestClass" name="enter_occupierMiddleName" time="0.154"/>
  <testcase classname="TestClasses.UnitMaster_TestClass" name="enter_occupierLastName" time="0.133"/>
  <testcase classname="TestClasses.UnitMaster_TestClass" name="enter_originalSocietyName" time="0.149"/>
  <testcase classname="TestClasses.UnitMaster_TestClass" name="enter_originalSurveyNo" time="0.135"/>
  <testcase classname="TestClasses.UnitMaster_TestClass" name="clickOnNext_button1" time="0.139"/>
  <testcase classname="TestClasses.UnitMaster_TestClass" name="enterAge" time="0.194"/>
  <testcase classname="TestClasses.UnitMaster_TestClass" name="selectReligion" time="0.401"/>
  <testcase classname="TestClasses.UnitMaster_TestClass" name="selectCast" time="0.462"/>
  <testcase classname="TestClasses.UnitMaster_TestClass" name="selectLanguage" time="0.367"/>
  <testcase classname="TestClasses.UnitMaster_TestClass" name="selectFamilyType" time="0.369"/>
  <testcase classname="TestClasses.UnitMaster_TestClass" name="snterQualification" time="0.151"/>
  <testcase classname="TestClasses.UnitMaster_TestClass" name="selectMaritalStatus" time="0.404"/>
  <testcase classname="TestClasses.UnitMaster_TestClass" name="snterContactNo" time="0.178"/>
  <testcase classname="TestClasses.UnitMaster_TestClass" name="snterOccupation" time="0.142"/>
  <testcase classname="TestClasses.UnitMaster_TestClass" name="selectDisability" time="1.158">
    <error message="element click intercepted: Element &lt;span role=&quot;combobox&quot; pautofocus=&quot;&quot; class=&quot;p-element p-dropdown-label p-inputtext p-placeholder ng-star-inserted&quot; ng-reflect-ng-class=&quot;[object Object]&quot; ng-reflect-content=&quot;&quot; ng-reflect-tooltip-position=&quot;right&quot; ng-reflect-position-style=&quot;absolute&quot; aria-disabled=&quot;false&quot; aria-label=&quot;Select Disability&quot; aria-haspopup=&quot;listbox&quot; aria-expanded=&quot;false&quot; tabindex=&quot;0&quot;&gt;...&lt;/span&gt; is not clickable at point (630, 506). Other element would receive the click: &lt;div _ngcontent-ng-c2432322248=&quot;&quot; class=&quot;stepper-controls&quot;&gt;...&lt;/div&gt;
  (Session info: chrome=137.0.7151.104)
Build info: version: &#039;4.6.0&#039;, revision: &#039;79f1c02ae20&#039;
System info: os.name: &#039;Windows 10&#039;, os.arch: &#039;amd64&#039;, os.version: &#039;10.0&#039;, java.version: &#039;23&#039;
Driver info: org.openqa.selenium.chrome.ChromeDriver
Command: [79ff90f70a6dee9f27052da1c73d9774, clickElement {id=f.F71BF4085EDE7C100190B8DE9DA6A26C.d.E73B9C872DA0C62A3830269219B39E4E.e.3018}]
Capabilities {acceptInsecureCerts: false, browserName: chrome, browserVersion: 137.0.7151.104, chrome: {chromedriverVersion: 137.0.7151.70 (dfa4dc56b2ab..., userDataDir: C:\Users\admin\AppData\Loca...}, fedcm:accounts: true, goog:chromeOptions: {debuggerAddress: localhost:53058}, networkConnectionEnabled: false, pageLoadStrategy: normal, platformName: WINDOWS, proxy: Proxy(), se:cdp: ws://localhost:53058/devtoo..., se:cdpVersion: 137.0.7151.104, setWindowRect: true, strictFileInteractability: false, timeouts: {implicit: 0, pageLoad: 300000, script: 30000}, unhandledPromptBehavior: dismiss and notify, webauthn:extension:credBlob: true, webauthn:extension:largeBlob: true, webauthn:extension:minPinLength: true, webauthn:extension:prf: true, webauthn:virtualAuthenticators: true}
Element: [[ChromeDriver: chrome on WINDOWS (79ff90f70a6dee9f27052da1c73d9774)] -&gt; xpath: //span[text()=&#039;Select Disability&#039;]]
Session ID: 79ff90f70a6dee9f27052da1c73d9774" type="org.openqa.selenium.ElementClickInterceptedException">
      <![CDATA[org.openqa.selenium.ElementClickInterceptedException: element click intercepted: Element <span role="combobox" pautofocus="" class="p-element p-dropdown-label p-inputtext p-placeholder ng-star-inserted" ng-reflect-ng-class="[object Object]" ng-reflect-content="" ng-reflect-tooltip-position="right" ng-reflect-position-style="absolute" aria-disabled="false" aria-label="Select Disability" aria-haspopup="listbox" aria-expanded="false" tabindex="0">...</span> is not clickable at point (630, 506). Other element would receive the click: <div _ngcontent-ng-c2432322248="" class="stepper-controls">...</div>
  (Session info: chrome=137.0.7151.104)
Build info: version: '4.6.0', revision: '79f1c02ae20'
System info: os.name: 'Windows 10', os.arch: 'amd64', os.version: '10.0', java.version: '23'
Driver info: org.openqa.selenium.chrome.ChromeDriver
Command: [79ff90f70a6dee9f27052da1c73d9774, clickElement {id=f.F71BF4085EDE7C100190B8DE9DA6A26C.d.E73B9C872DA0C62A3830269219B39E4E.e.3018}]
Capabilities {acceptInsecureCerts: false, browserName: chrome, browserVersion: 137.0.7151.104, chrome: {chromedriverVersion: 137.0.7151.70 (dfa4dc56b2ab..., userDataDir: C:\Users\admin\AppData\Loca...}, fedcm:accounts: true, goog:chromeOptions: {debuggerAddress: localhost:53058}, networkConnectionEnabled: false, pageLoadStrategy: normal, platformName: WINDOWS, proxy: Proxy(), se:cdp: ws://localhost:53058/devtoo..., se:cdpVersion: 137.0.7151.104, setWindowRect: true, strictFileInteractability: false, timeouts: {implicit: 0, pageLoad: 300000, script: 30000}, unhandledPromptBehavior: dismiss and notify, webauthn:extension:credBlob: true, webauthn:extension:largeBlob: true, webauthn:extension:minPinLength: true, webauthn:extension:prf: true, webauthn:virtualAuthenticators: true}
Element: [[ChromeDriver: chrome on WINDOWS (79ff90f70a6dee9f27052da1c73d9774)] -> xpath: //span[text()='Select Disability']]
Session ID: 79ff90f70a6dee9f27052da1c73d9774
at java.base/jdk.internal.reflect.DirectConstructorHandleAccessor.newInstance(DirectConstructorHandleAccessor.java:62)
at java.base/java.lang.reflect.Constructor.newInstanceWithCaller(Constructor.java:501)
at java.base/java.lang.reflect.Constructor.newInstance(Constructor.java:485)
at org.openqa.selenium.remote.codec.w3c.W3CHttpResponseCodec.createException(W3CHttpResponseCodec.java:200)
at org.openqa.selenium.remote.codec.w3c.W3CHttpResponseCodec.decode(W3CHttpResponseCodec.java:133)
at org.openqa.selenium.remote.codec.w3c.W3CHttpResponseCodec.decode(W3CHttpResponseCodec.java:53)
at org.openqa.selenium.remote.HttpCommandExecutor.execute(HttpCommandExecutor.java:184)
at org.openqa.selenium.remote.service.DriverCommandExecutor.invokeExecute(DriverCommandExecutor.java:167)
at org.openqa.selenium.remote.service.DriverCommandExecutor.execute(DriverCommandExecutor.java:142)
at org.openqa.selenium.remote.RemoteWebDriver.execute(RemoteWebDriver.java:541)
at org.openqa.selenium.remote.RemoteWebElement.execute(RemoteWebElement.java:257)
at org.openqa.selenium.remote.RemoteWebElement.click(RemoteWebElement.java:78)
at java.base/jdk.internal.reflect.DirectMethodHandleAccessor.invoke(DirectMethodHandleAccessor.java:103)
at java.base/java.lang.reflect.Method.invoke(Method.java:580)
at org.openqa.selenium.support.pagefactory.internal.LocatingElementHandler.invoke(LocatingElementHandler.java:52)
at jdk.proxy2/jdk.proxy2.$Proxy30.click(Unknown Source)
at PageObjects.UnitMaster_Class.SelectDropdownOption(UnitMaster_Class.java:42)
at PageObjects.UnitMaster_Class.SelectDisability(UnitMaster_Class.java:370)
at TestClasses.UnitMaster_TestClass.selectDisability(UnitMaster_TestClass.java:172)
at java.base/jdk.internal.reflect.DirectMethodHandleAccessor.invoke(DirectMethodHandleAccessor.java:103)
at java.base/java.lang.reflect.Method.invoke(Method.java:580)
at org.testng.internal.invokers.MethodInvocationHelper.invokeMethod(MethodInvocationHelper.java:139)
at org.testng.internal.invokers.TestInvoker.invokeMethod(TestInvoker.java:664)
at org.testng.internal.invokers.TestInvoker.invokeTestMethod(TestInvoker.java:227)
at org.testng.internal.invokers.MethodRunner.runInSequence(MethodRunner.java:50)
at org.testng.internal.invokers.TestInvoker$MethodInvocationAgent.invoke(TestInvoker.java:957)
at org.testng.internal.invokers.TestInvoker.invokeTestMethods(TestInvoker.java:200)
at org.testng.internal.invokers.TestMethodWorker.invokeTestMethods(TestMethodWorker.java:148)
at org.testng.internal.invokers.TestMethodWorker.run(TestMethodWorker.java:128)
at java.base/java.util.ArrayList.forEach(ArrayList.java:1597)
at org.testng.TestRunner.privateRun(TestRunner.java:848)
at org.testng.TestRunner.run(TestRunner.java:621)
at org.testng.SuiteRunner.runTest(SuiteRunner.java:443)
at org.testng.SuiteRunner.runSequentially(SuiteRunner.java:437)
at org.testng.SuiteRunner.privateRun(SuiteRunner.java:397)
at org.testng.SuiteRunner.run(SuiteRunner.java:336)
at org.testng.SuiteRunnerWorker.runSuite(SuiteRunnerWorker.java:52)
at org.testng.SuiteRunnerWorker.run(SuiteRunnerWorker.java:95)
at org.testng.TestNG.runSuitesSequentially(TestNG.java:1280)
at org.testng.TestNG.runSuitesLocally(TestNG.java:1200)
at org.testng.TestNG.runSuites(TestNG.java:1114)
at org.testng.TestNG.run(TestNG.java:1082)
at org.testng.remote.AbstractRemoteTestNG.run(AbstractRemoteTestNG.java:115)
at org.testng.remote.RemoteTestNG.initAndRun(RemoteTestNG.java:293)
at org.testng.remote.RemoteTestNG.main(RemoteTestNG.java:91)
]]>
    </error>
  </testcase> <!-- selectDisability -->
  <testcase classname="TestClasses.UnitMaster_TestClass" name="enterNomineeName" time="0.177"/>
  <testcase classname="TestClasses.UnitMaster_TestClass" name="enterAddress" time="0.176"/>
  <testcase classname="TestClasses.UnitMaster_TestClass" name="enterBankName" time="0.166"/>
  <testcase classname="TestClasses.UnitMaster_TestClass" name="enterBankAccountNo" time="0.168"/>
  <testcase classname="TestClasses.UnitMaster_TestClass" name="enterBranchName" time="0.158"/>
  <testcase classname="TestClasses.UnitMaster_TestClass" name="enterRentAmount" time="0.141"/>
  <testcase classname="TestClasses.UnitMaster_TestClass" name="enterPaysRentto" time="0.168"/>
  <testcase classname="TestClasses.UnitMaster_TestClass" name="enterOtherDoc" time="0.173"/>
  <testcase classname="TestClasses.UnitMaster_TestClass" name="enterHouseholdServices" time="0.159"/>
  <testcase classname="TestClasses.UnitMaster_TestClass" name="enterCompanyDetails" time="0.140"/>
  <testcase classname="TestClasses.UnitMaster_TestClass" name="clickOnNext_button" time="0.121"/>
  <testcase classname="TestClasses.UnitMaster_TestClass" name="selectDocumentType" time="0.403"/>
  <testcase classname="TestClasses.UnitMaster_TestClass" name="enterReferenceNo" time="0.158"/>
  <testcase classname="TestClasses.UnitMaster_TestClass" name="enterRemark" time="0.126"/>
</testsuite> <!-- TestClasses.UnitMaster_TestClass -->
