<?xml version="1.0" encoding="UTF-8"?>
<!-- Generated by org.testng.reporters.JUnitReportReporter -->
<testsuite hostname="MrAdarsh" failures="0" tests="38" name="TestClasses.PocketMaster_TestClass" time="35.861" errors="2" timestamp="2025-06-11T16:48:42 IST" skipped="0">
  <testcase classname="TestClasses.PocketMaster_TestClass" name="ClickOnThePocketTab" time="2.280"/>
  <testcase classname="TestClasses.PocketMaster_TestClass" name="ClickOnPocketTab" time="0.151"/>
  <testcase classname="TestClasses.PocketMaster_TestClass" name="ClickOnCreateNewPocketButton" time="1.572"/>
  <testcase classname="TestClasses.PocketMaster_TestClass" name="SelectStartDate" time="3.163">
    <error message="stale element reference: stale element not found in the current frame
  (Session info: chrome=137.0.7151.103)
For documentation on this error, please visit: https://selenium.dev/exceptions/#stale_element_reference
Build info: version: &#039;4.6.0&#039;, revision: &#039;79f1c02ae20&#039;
System info: os.name: &#039;Windows 10&#039;, os.arch: &#039;amd64&#039;, os.version: &#039;10.0&#039;, java.version: &#039;23&#039;
Driver info: org.openqa.selenium.chrome.ChromeDriver
Command: [3e2887894117f74bfd83fbc3d4957585, clickElement {id=f.7357C2C05263B0EA93FE930415D01330.d.2C788ECBFE63180E3ECA285E711D1E4D.e.1326}]
Capabilities {acceptInsecureCerts: false, browserName: chrome, browserVersion: 137.0.7151.103, chrome: {chromedriverVersion: 137.0.7151.70 (dfa4dc56b2ab..., userDataDir: C:\Users\admin\AppData\Loca...}, fedcm:accounts: true, goog:chromeOptions: {debuggerAddress: localhost:64018}, networkConnectionEnabled: false, pageLoadStrategy: normal, platformName: WINDOWS, proxy: Proxy(), se:cdp: ws://localhost:64018/devtoo..., se:cdpVersion: 137.0.7151.103, setWindowRect: true, strictFileInteractability: false, timeouts: {implicit: 0, pageLoad: 300000, script: 30000}, unhandledPromptBehavior: dismiss and notify, webauthn:extension:credBlob: true, webauthn:extension:largeBlob: true, webauthn:extension:minPinLength: true, webauthn:extension:prf: true, webauthn:virtualAuthenticators: true}
Element: [[ChromeDriver: chrome on WINDOWS (3e2887894117f74bfd83fbc3d4957585)] -&gt; xpath: //button[@aria-label=&#039;Previous Month&#039;]]
Session ID: 3e2887894117f74bfd83fbc3d4957585" type="org.openqa.selenium.StaleElementReferenceException">
      <![CDATA[org.openqa.selenium.StaleElementReferenceException: stale element reference: stale element not found in the current frame
  (Session info: chrome=137.0.7151.103)
For documentation on this error, please visit: https://selenium.dev/exceptions/#stale_element_reference
Build info: version: '4.6.0', revision: '79f1c02ae20'
System info: os.name: 'Windows 10', os.arch: 'amd64', os.version: '10.0', java.version: '23'
Driver info: org.openqa.selenium.chrome.ChromeDriver
Command: [3e2887894117f74bfd83fbc3d4957585, clickElement {id=f.7357C2C05263B0EA93FE930415D01330.d.2C788ECBFE63180E3ECA285E711D1E4D.e.1326}]
Capabilities {acceptInsecureCerts: false, browserName: chrome, browserVersion: 137.0.7151.103, chrome: {chromedriverVersion: 137.0.7151.70 (dfa4dc56b2ab..., userDataDir: C:\Users\admin\AppData\Loca...}, fedcm:accounts: true, goog:chromeOptions: {debuggerAddress: localhost:64018}, networkConnectionEnabled: false, pageLoadStrategy: normal, platformName: WINDOWS, proxy: Proxy(), se:cdp: ws://localhost:64018/devtoo..., se:cdpVersion: 137.0.7151.103, setWindowRect: true, strictFileInteractability: false, timeouts: {implicit: 0, pageLoad: 300000, script: 30000}, unhandledPromptBehavior: dismiss and notify, webauthn:extension:credBlob: true, webauthn:extension:largeBlob: true, webauthn:extension:minPinLength: true, webauthn:extension:prf: true, webauthn:virtualAuthenticators: true}
Element: [[ChromeDriver: chrome on WINDOWS (3e2887894117f74bfd83fbc3d4957585)] -> xpath: //button[@aria-label='Previous Month']]
Session ID: 3e2887894117f74bfd83fbc3d4957585
at java.base/jdk.internal.reflect.DirectConstructorHandleAccessor.newInstance(DirectConstructorHandleAccessor.java:62)
at java.base/java.lang.reflect.Constructor.newInstanceWithCaller(Constructor.java:501)
at java.base/java.lang.reflect.Constructor.newInstance(Constructor.java:485)
at org.openqa.selenium.remote.codec.w3c.W3CHttpResponseCodec.createException(W3CHttpResponseCodec.java:200)
at org.openqa.selenium.remote.codec.w3c.W3CHttpResponseCodec.decode(W3CHttpResponseCodec.java:133)
at org.openqa.selenium.remote.codec.w3c.W3CHttpResponseCodec.decode(W3CHttpResponseCodec.java:53)
at org.openqa.selenium.remote.HttpCommandExecutor.execute(HttpCommandExecutor.java:184)
at org.openqa.selenium.remote.service.DriverCommandExecutor.invokeExecute(DriverCommandExecutor.java:167)
at org.openqa.selenium.remote.service.DriverCommandExecutor.execute(DriverCommandExecutor.java:142)
at org.openqa.selenium.remote.RemoteWebDriver.execute(RemoteWebDriver.java:541)
at org.openqa.selenium.remote.RemoteWebElement.execute(RemoteWebElement.java:257)
at org.openqa.selenium.remote.RemoteWebElement.click(RemoteWebElement.java:78)
at PageObjects.PocketMaster_Class.SelectDate(PocketMaster_Class.java:279)
at PageObjects.PocketMaster_Class.selectStartDate(PocketMaster_Class.java:292)
at TestClasses.PocketMaster_TestClass.SelectStartDate(PocketMaster_TestClass.java:29)
at java.base/jdk.internal.reflect.DirectMethodHandleAccessor.invoke(DirectMethodHandleAccessor.java:103)
at java.base/java.lang.reflect.Method.invoke(Method.java:580)
at org.testng.internal.invokers.MethodInvocationHelper.invokeMethod(MethodInvocationHelper.java:139)
at org.testng.internal.invokers.TestInvoker.invokeMethod(TestInvoker.java:664)
at org.testng.internal.invokers.TestInvoker.invokeTestMethod(TestInvoker.java:227)
at org.testng.internal.invokers.MethodRunner.runInSequence(MethodRunner.java:50)
at org.testng.internal.invokers.TestInvoker$MethodInvocationAgent.invoke(TestInvoker.java:957)
at org.testng.internal.invokers.TestInvoker.invokeTestMethods(TestInvoker.java:200)
at org.testng.internal.invokers.TestMethodWorker.invokeTestMethods(TestMethodWorker.java:148)
at org.testng.internal.invokers.TestMethodWorker.run(TestMethodWorker.java:128)
at java.base/java.util.ArrayList.forEach(ArrayList.java:1597)
at org.testng.TestRunner.privateRun(TestRunner.java:848)
at org.testng.TestRunner.run(TestRunner.java:621)
at org.testng.SuiteRunner.runTest(SuiteRunner.java:443)
at org.testng.SuiteRunner.runSequentially(SuiteRunner.java:437)
at org.testng.SuiteRunner.privateRun(SuiteRunner.java:397)
at org.testng.SuiteRunner.run(SuiteRunner.java:336)
at org.testng.SuiteRunnerWorker.runSuite(SuiteRunnerWorker.java:52)
at org.testng.SuiteRunnerWorker.run(SuiteRunnerWorker.java:95)
at org.testng.TestNG.runSuitesSequentially(TestNG.java:1280)
at org.testng.TestNG.runSuitesLocally(TestNG.java:1200)
at org.testng.TestNG.runSuites(TestNG.java:1114)
at org.testng.TestNG.run(TestNG.java:1082)
at org.testng.remote.AbstractRemoteTestNG.run(AbstractRemoteTestNG.java:115)
at org.testng.remote.RemoteTestNG.initAndRun(RemoteTestNG.java:293)
at org.testng.remote.RemoteTestNG.main(RemoteTestNG.java:91)
]]>
    </error>
  </testcase> <!-- SelectStartDate -->
  <testcase classname="TestClasses.PocketMaster_TestClass" name="SelectEndDate" time="4.624">
    <error message="stale element reference: stale element not found in the current frame
  (Session info: chrome=137.0.7151.103)
For documentation on this error, please visit: https://selenium.dev/exceptions/#stale_element_reference
Build info: version: &#039;4.6.0&#039;, revision: &#039;79f1c02ae20&#039;
System info: os.name: &#039;Windows 10&#039;, os.arch: &#039;amd64&#039;, os.version: &#039;10.0&#039;, java.version: &#039;23&#039;
Driver info: org.openqa.selenium.chrome.ChromeDriver
Command: [3e2887894117f74bfd83fbc3d4957585, clickElement {id=f.7357C2C05263B0EA93FE930415D01330.d.2C788ECBFE63180E3ECA285E711D1E4D.e.5710}]
Capabilities {acceptInsecureCerts: false, browserName: chrome, browserVersion: 137.0.7151.103, chrome: {chromedriverVersion: 137.0.7151.70 (dfa4dc56b2ab..., userDataDir: C:\Users\admin\AppData\Loca...}, fedcm:accounts: true, goog:chromeOptions: {debuggerAddress: localhost:64018}, networkConnectionEnabled: false, pageLoadStrategy: normal, platformName: WINDOWS, proxy: Proxy(), se:cdp: ws://localhost:64018/devtoo..., se:cdpVersion: 137.0.7151.103, setWindowRect: true, strictFileInteractability: false, timeouts: {implicit: 0, pageLoad: 300000, script: 30000}, unhandledPromptBehavior: dismiss and notify, webauthn:extension:credBlob: true, webauthn:extension:largeBlob: true, webauthn:extension:minPinLength: true, webauthn:extension:prf: true, webauthn:virtualAuthenticators: true}
Element: [[ChromeDriver: chrome on WINDOWS (3e2887894117f74bfd83fbc3d4957585)] -&gt; xpath: //div[@aria-label=&#039;Choose Date&#039;]//table//tbody//tr//td[not(contains(@class,&#039;p-disabled&#039;))]//span[text()=&#039;20&#039;]]
Session ID: 3e2887894117f74bfd83fbc3d4957585" type="org.openqa.selenium.StaleElementReferenceException">
      <![CDATA[org.openqa.selenium.StaleElementReferenceException: stale element reference: stale element not found in the current frame
  (Session info: chrome=137.0.7151.103)
For documentation on this error, please visit: https://selenium.dev/exceptions/#stale_element_reference
Build info: version: '4.6.0', revision: '79f1c02ae20'
System info: os.name: 'Windows 10', os.arch: 'amd64', os.version: '10.0', java.version: '23'
Driver info: org.openqa.selenium.chrome.ChromeDriver
Command: [3e2887894117f74bfd83fbc3d4957585, clickElement {id=f.7357C2C05263B0EA93FE930415D01330.d.2C788ECBFE63180E3ECA285E711D1E4D.e.5710}]
Capabilities {acceptInsecureCerts: false, browserName: chrome, browserVersion: 137.0.7151.103, chrome: {chromedriverVersion: 137.0.7151.70 (dfa4dc56b2ab..., userDataDir: C:\Users\admin\AppData\Loca...}, fedcm:accounts: true, goog:chromeOptions: {debuggerAddress: localhost:64018}, networkConnectionEnabled: false, pageLoadStrategy: normal, platformName: WINDOWS, proxy: Proxy(), se:cdp: ws://localhost:64018/devtoo..., se:cdpVersion: 137.0.7151.103, setWindowRect: true, strictFileInteractability: false, timeouts: {implicit: 0, pageLoad: 300000, script: 30000}, unhandledPromptBehavior: dismiss and notify, webauthn:extension:credBlob: true, webauthn:extension:largeBlob: true, webauthn:extension:minPinLength: true, webauthn:extension:prf: true, webauthn:virtualAuthenticators: true}
Element: [[ChromeDriver: chrome on WINDOWS (3e2887894117f74bfd83fbc3d4957585)] -> xpath: //div[@aria-label='Choose Date']//table//tbody//tr//td[not(contains(@class,'p-disabled'))]//span[text()='20']]
Session ID: 3e2887894117f74bfd83fbc3d4957585
at java.base/jdk.internal.reflect.DirectConstructorHandleAccessor.newInstance(DirectConstructorHandleAccessor.java:62)
at java.base/java.lang.reflect.Constructor.newInstanceWithCaller(Constructor.java:501)
at java.base/java.lang.reflect.Constructor.newInstance(Constructor.java:485)
at org.openqa.selenium.remote.codec.w3c.W3CHttpResponseCodec.createException(W3CHttpResponseCodec.java:200)
at org.openqa.selenium.remote.codec.w3c.W3CHttpResponseCodec.decode(W3CHttpResponseCodec.java:133)
at org.openqa.selenium.remote.codec.w3c.W3CHttpResponseCodec.decode(W3CHttpResponseCodec.java:53)
at org.openqa.selenium.remote.HttpCommandExecutor.execute(HttpCommandExecutor.java:184)
at org.openqa.selenium.remote.service.DriverCommandExecutor.invokeExecute(DriverCommandExecutor.java:167)
at org.openqa.selenium.remote.service.DriverCommandExecutor.execute(DriverCommandExecutor.java:142)
at org.openqa.selenium.remote.RemoteWebDriver.execute(RemoteWebDriver.java:541)
at org.openqa.selenium.remote.RemoteWebElement.execute(RemoteWebElement.java:257)
at org.openqa.selenium.remote.RemoteWebElement.click(RemoteWebElement.java:78)
at PageObjects.PocketMaster_Class.SelectDate(PocketMaster_Class.java:288)
at PageObjects.PocketMaster_Class.SelectEndDAte(PocketMaster_Class.java:302)
at TestClasses.PocketMaster_TestClass.SelectEndDate(PocketMaster_TestClass.java:35)
at java.base/jdk.internal.reflect.DirectMethodHandleAccessor.invoke(DirectMethodHandleAccessor.java:103)
at java.base/java.lang.reflect.Method.invoke(Method.java:580)
at org.testng.internal.invokers.MethodInvocationHelper.invokeMethod(MethodInvocationHelper.java:139)
at org.testng.internal.invokers.TestInvoker.invokeMethod(TestInvoker.java:664)
at org.testng.internal.invokers.TestInvoker.invokeTestMethod(TestInvoker.java:227)
at org.testng.internal.invokers.MethodRunner.runInSequence(MethodRunner.java:50)
at org.testng.internal.invokers.TestInvoker$MethodInvocationAgent.invoke(TestInvoker.java:957)
at org.testng.internal.invokers.TestInvoker.invokeTestMethods(TestInvoker.java:200)
at org.testng.internal.invokers.TestMethodWorker.invokeTestMethods(TestMethodWorker.java:148)
at org.testng.internal.invokers.TestMethodWorker.run(TestMethodWorker.java:128)
at java.base/java.util.ArrayList.forEach(ArrayList.java:1597)
at org.testng.TestRunner.privateRun(TestRunner.java:848)
at org.testng.TestRunner.run(TestRunner.java:621)
at org.testng.SuiteRunner.runTest(SuiteRunner.java:443)
at org.testng.SuiteRunner.runSequentially(SuiteRunner.java:437)
at org.testng.SuiteRunner.privateRun(SuiteRunner.java:397)
at org.testng.SuiteRunner.run(SuiteRunner.java:336)
at org.testng.SuiteRunnerWorker.runSuite(SuiteRunnerWorker.java:52)
at org.testng.SuiteRunnerWorker.run(SuiteRunnerWorker.java:95)
at org.testng.TestNG.runSuitesSequentially(TestNG.java:1280)
at org.testng.TestNG.runSuitesLocally(TestNG.java:1200)
at org.testng.TestNG.runSuites(TestNG.java:1114)
at org.testng.TestNG.run(TestNG.java:1082)
at org.testng.remote.AbstractRemoteTestNG.run(AbstractRemoteTestNG.java:115)
at org.testng.remote.RemoteTestNG.initAndRun(RemoteTestNG.java:293)
at org.testng.remote.RemoteTestNG.main(RemoteTestNG.java:91)
]]>
    </error>
  </testcase> <!-- SelectEndDate -->
  <testcase classname="TestClasses.PocketMaster_TestClass" name="ClickOnTheNextButton" time="0.177"/>
  <testcase classname="TestClasses.PocketMaster_TestClass" name="EnterPocketName" time="0.118"/>
  <testcase classname="TestClasses.PocketMaster_TestClass" name="selectCompanyName" time="0.525"/>
  <testcase classname="TestClasses.PocketMaster_TestClass" name="selectAreaTypeandEnterAreaValue" time="0.145"/>
  <testcase classname="TestClasses.PocketMaster_TestClass" name="Invoice_cut_off_date" time="2.494"/>
  <testcase classname="TestClasses.PocketMaster_TestClass" name="Enter_Location" time="0.348"/>
  <testcase classname="TestClasses.PocketMaster_TestClass" name="Enter_Address" time="0.139"/>
  <testcase classname="TestClasses.PocketMaster_TestClass" name="ClickOnNextButton" time="0.101"/>
  <testcase classname="TestClasses.PocketMaster_TestClass" name="enterNoofTemples" time="0.154"/>
  <testcase classname="TestClasses.PocketMaster_TestClass" name="enterNoofChurches" time="0.128"/>
  <testcase classname="TestClasses.PocketMaster_TestClass" name="enterNoofHospitals" time="0.121"/>
  <testcase classname="TestClasses.PocketMaster_TestClass" name="enterNoofToilets" time="0.118"/>
  <testcase classname="TestClasses.PocketMaster_TestClass" name="enterFireBrigade" time="0.107"/>
  <testcase classname="TestClasses.PocketMaster_TestClass" name="enterWaterSupply" time="0.119"/>
  <testcase classname="TestClasses.PocketMaster_TestClass" name="enterNoofmosques" time="0.128"/>
  <testcase classname="TestClasses.PocketMaster_TestClass" name="enterNoofParks" time="0.118"/>
  <testcase classname="TestClasses.PocketMaster_TestClass" name="enterNoofSchool" time="0.129"/>
  <testcase classname="TestClasses.PocketMaster_TestClass" name="enterNoofbank" time="0.120"/>
  <testcase classname="TestClasses.PocketMaster_TestClass" name="enterRailwaystation" time="0.129"/>
  <testcase classname="TestClasses.PocketMaster_TestClass" name="enterPolicestation" time="0.137"/>
  <testcase classname="TestClasses.PocketMaster_TestClass" name="enterNoofcollege" time="0.137"/>
  <testcase classname="TestClasses.PocketMaster_TestClass" name="enterBusDepot" time="0.138"/>
  <testcase classname="TestClasses.PocketMaster_TestClass" name="enterNoofmarket" time="0.140"/>
  <testcase classname="TestClasses.PocketMaster_TestClass" name="enterElectricitySupply" time="0.134"/>
  <testcase classname="TestClasses.PocketMaster_TestClass" name="ClickOnNextButton2" time="0.123"/>
  <testcase classname="TestClasses.PocketMaster_TestClass" name="selectUsageType" time="0.373"/>
  <testcase classname="TestClasses.PocketMaster_TestClass" name="selectProcessType" time="0.381"/>
  <testcase classname="TestClasses.PocketMaster_TestClass" name="enterFromAmountRange" time="0.129"/>
  <testcase classname="TestClasses.PocketMaster_TestClass" name="enterToAmountRange" time="0.123"/>
  <testcase classname="TestClasses.PocketMaster_TestClass" name="selectRange1StartDate" time="2.423"/>
  <testcase classname="TestClasses.PocketMaster_TestClass" name="selectRange1EndDate" time="14.028"/>
  <testcase classname="TestClasses.PocketMaster_TestClass" name="ClickOnNextButton3" time="0.103"/>
  <testcase classname="TestClasses.PocketMaster_TestClass" name="clickOnTheSaveButton" time="0.284"/>
</testsuite> <!-- TestClasses.PocketMaster_TestClass -->
